50
Hands,0
Dart,1
Sling,2
Dagger,5
Staff,10
Club,25
Hammer,50
Mace,100
Flail,250
Spear,500
Axe,1000
Harpoon,2500
Short Bow,5000
War Hammer,10000
Battle Axe,25000
Light Crossbow,50000
Javelin,100000
Short Sword,250000
Long Bow,500000
Long Sword,1000000
Heavy Crossbow,2500000
Scimitar,5000000
Pole Arm,10000000
Broad Sword,25000000
Trident,50000000
Two-Handed Sword,100000000
Gloves of Strength,250000000
Dart of Homing,500000000
Sling of Sleeking,1E+09
Dagger of Venom,2.5E+09
Staff of Striking,5E+09
Hammer of Throwing,1E+10
Mace of Disruption,2.5E+10
Axe of Hurling,5E+10
Hammer of Thunderbolts,1E+11
Axe of Lords,2.5E+11
Crossbow of Distance,5E+11
Sword of Quickness,1E+12
Arrows of Slaying,2.5E+12
Sword of Sharpness,5E+12
Crossbow of Accuracy,1E+13
Scimitar of Speed,2.5E+13
Sword of Wounding,5E+13
Trident of Submission,1E+14
Vorpal Sword,2.5E+14
Wand of Wonder,5E+14
Rod of Smiting,1E+15
Sword of Life Stealing,2.5E+15
Wand of Lightning,5E+15
Ring of Shooting Stars,1E+16
Staff of the Magi,2.5E+16
